[ 2015-05-12 22:59:45.8472 1622/0x7fff72938300 age/Wat/Main.cpp:1264 ]: Starting PassengerAgent watchdog...
[ 2015-05-12 22:59:45.8615 1624/0x7fff72938300 age/Hel/Main.cpp:891 ]: Starting PassengerAgent server...
[ 2015-05-12 22:59:45.8621 1624/0x7fff72938300 age/Hel/Main.cpp:234 ]: PassengerAgent server running in multi-application mode.
[ 2015-05-12 22:59:45.8681 1624/0x7fff72938300 age/Hel/Main.cpp:645 ]: PassengerAgent server online, PID 1624
[ 2015-05-12 22:59:45.8739 1626/0x7fff72938300 age/Log/Main.cpp:442 ]: Starting PassengerAgent logger...
[ 2015-05-12 22:59:45.8744 1626/0x7fff72938300 age/Log/Main.cpp:323 ]: PassengerAgent logger online, PID 1626
2015/05/12 22:59:48 [error] 1629#0: *4 "/Users/j9/railsworkspace/whirld/app/assets/javascripts/project-editor/public/index.html" is not found (2: No such file or directory), client: 127.0.0.1, server: _, request: "HEAD / HTTP/1.1", host: "0.0.0.0"
2015/05/12 22:59:48 [error] 1629#0: *5 open() "/Users/j9/railsworkspace/whirld/app/assets/javascripts/project-editor/public/maps/map_info/coaojfalsf_asfdalksdfkladfv" failed (2: No such file or directory), client: 127.0.0.1, server: _, request: "GET /maps/map_info/coaojfalsf_asfdalksdfkladfv HTTP/1.1", host: "localhost:3000"


[ 2015-05-12 22:59:55.1218 1624/0x110911000 age/Hel/Main.cpp:455 ]: Signal received. Gracefully shutting down... (send signal 2 more time(s) to force shutdown)
[ 2015-05-12 22:59:55.1218 1626/0x10365c000 age/Log/Main.cpp:349 ]: Signal received. Gracefully shutting down... (send signal 2 more time(s) to force shutdown)
[ 2015-05-12 22:59:55.1219 1626/0x7fff72938300 age/Log/Main.cpp:411 ]: Received command to shutdown gracefully. Waiting until all clients have disconnected...
[ 2015-05-12 22:59:55.1219 1624/0x7fff72938300 age/Hel/Main.cpp:814 ]: Received command to shutdown gracefully. Waiting until all clients have disconnected...
[ 2015-05-12 22:59:55.1219 1626/0x10365c000 Ser/Server.h:455 ]: [LoggerAdminServer] Shutdown finished
[ 2015-05-12 22:59:55.1219 1624/0x110911000 Ser/Server.h:455 ]: [ServerThr.1] Shutdown finished
[ 2015-05-12 22:59:55.1219 1624/0x110a17000 Ser/Server.h:455 ]: [ServerThr.3] Shutdown finished
[ 2015-05-12 22:59:55.1220 1624/0x110a9a000 Ser/Server.h:455 ]: [ServerThr.4] Shutdown finished
[ 2015-05-12 22:59:55.1219 1624/0x110994000 Ser/Server.h:455 ]: [ServerThr.2] Shutdown finished
[ 2015-05-12 22:59:55.1220 1626/0x7fff72938300 age/Log/Main.cpp:436 ]: PassengerAgent logger shutdown finished
[ 2015-05-12 22:59:55.1221 1624/0x110b1d000 Ser/Server.h:455 ]: [AdminServer] Shutdown finished
[ 2015-05-12 22:59:55.1341 1624/0x7fff72938300 age/Hel/Main.cpp:876 ]: PassengerAgent server shutdown finished
